<?xml version="1.0" encoding="UTF-8"?>
<testsuite xmlns:xsi="http://www.w3.org/2001/XMLSchema-instance" xsi:noNamespaceSchemaLocation="https://maven.apache.org/surefire/maven-surefire-plugin/xsd/surefire-test-report-3.0.xsd" version="3.0" name="cn.edu.thssdb.index.BPlusTreeTest" time="0.129" tests="3" errors="0" skipped="0" failures="0">
  <properties>
    <property name="sun.desktop" value="windows"/>
    <property name="awt.toolkit" value="sun.awt.windows.WToolkit"/>
    <property name="file.encoding.pkg" value="sun.io"/>
    <property name="java.specification.version" value="1.8"/>
    <property name="sun.cpu.isalist" value=""/>
    <property name="sun.jnu.encoding" value="GBK"/>
    <property name="java.class.path" value="D:\Richard\Tsinghua\no_chinese_route\Database\ThssDB-2023-master\target\test-classes;D:\Richard\Tsinghua\no_chinese_route\Database\ThssDB-2023-master\target\classes;C:\Users\17584\.m2\repository\commons-cli\commons-cli\1.4\commons-cli-1.4.jar;C:\Users\17584\.m2\repository\org\antlr\antlr4-runtime\4.8-1\antlr4-runtime-4.8-1.jar;C:\Users\17584\.m2\repository\org\antlr\antlr4\4.5\antlr4-4.5.jar;C:\Users\17584\.m2\repository\org\antlr\antlr-runtime\3.5.2\antlr-runtime-3.5.2.jar;C:\Users\17584\.m2\repository\org\antlr\ST4\4.0.8\ST4-4.0.8.jar;C:\Users\17584\.m2\repository\org\apache\thrift\libthrift\0.13.0\libthrift-0.13.0.jar;C:\Users\17584\.m2\repository\org\apache\httpcomponents\httpclient\4.5.6\httpclient-4.5.6.jar;C:\Users\17584\.m2\repository\commons-logging\commons-logging\1.2\commons-logging-1.2.jar;C:\Users\17584\.m2\repository\commons-codec\commons-codec\1.10\commons-codec-1.10.jar;C:\Users\17584\.m2\repository\org\apache\httpcomponents\httpcore\4.4.1\httpcore-4.4.1.jar;C:\Users\17584\.m2\repository\javax\annotation\javax.annotation-api\1.3.2\javax.annotation-api-1.3.2.jar;C:\Users\17584\.m2\repository\junit\junit\4.13.1\junit-4.13.1.jar;C:\Users\17584\.m2\repository\org\hamcrest\hamcrest-core\1.3\hamcrest-core-1.3.jar;C:\Users\17584\.m2\repository\org\slf4j\slf4j-api\1.7.30\slf4j-api-1.7.30.jar;C:\Users\17584\.m2\repository\org\slf4j\slf4j-simple\1.7.30\slf4j-simple-1.7.30.jar;"/>
    <property name="java.vm.vendor" value="Oracle Corporation"/>
    <property name="sun.arch.data.model" value="32"/>
    <property name="user.variant" value=""/>
    <property name="java.vendor.url" value="http://java.oracle.com/"/>
    <property name="user.timezone" value="Asia/Shanghai"/>
    <property name="java.vm.specification.version" value="1.8"/>
    <property name="os.name" value="Windows 10"/>
    <property name="user.country" value="CN"/>
    <property name="sun.java.launcher" value="SUN_STANDARD"/>
    <property name="sun.boot.library.path" value="D:\Program Files (x86)\Java\jdk-1.8\jre\bin"/>
    <property name="sun.java.command" value="C:\Users\17584\AppData\Local\Temp\surefire1614556249303219409\surefirebooter-20230525012604844_3.jar C:\Users\17584\AppData\Local\Temp\surefire1614556249303219409 2023-05-25T01-26-04_299-jvmRun1 surefire-20230525012604844_1tmp surefire_0-20230525012604844_2tmp"/>
    <property name="surefire.test.class.path" value="D:\Richard\Tsinghua\no_chinese_route\Database\ThssDB-2023-master\target\test-classes;D:\Richard\Tsinghua\no_chinese_route\Database\ThssDB-2023-master\target\classes;C:\Users\17584\.m2\repository\commons-cli\commons-cli\1.4\commons-cli-1.4.jar;C:\Users\17584\.m2\repository\org\antlr\antlr4-runtime\4.8-1\antlr4-runtime-4.8-1.jar;C:\Users\17584\.m2\repository\org\antlr\antlr4\4.5\antlr4-4.5.jar;C:\Users\17584\.m2\repository\org\antlr\antlr-runtime\3.5.2\antlr-runtime-3.5.2.jar;C:\Users\17584\.m2\repository\org\antlr\ST4\4.0.8\ST4-4.0.8.jar;C:\Users\17584\.m2\repository\org\apache\thrift\libthrift\0.13.0\libthrift-0.13.0.jar;C:\Users\17584\.m2\repository\org\apache\httpcomponents\httpclient\4.5.6\httpclient-4.5.6.jar;C:\Users\17584\.m2\repository\commons-logging\commons-logging\1.2\commons-logging-1.2.jar;C:\Users\17584\.m2\repository\commons-codec\commons-codec\1.10\commons-codec-1.10.jar;C:\Users\17584\.m2\repository\org\apache\httpcomponents\httpcore\4.4.1\httpcore-4.4.1.jar;C:\Users\17584\.m2\repository\javax\annotation\javax.annotation-api\1.3.2\javax.annotation-api-1.3.2.jar;C:\Users\17584\.m2\repository\junit\junit\4.13.1\junit-4.13.1.jar;C:\Users\17584\.m2\repository\org\hamcrest\hamcrest-core\1.3\hamcrest-core-1.3.jar;C:\Users\17584\.m2\repository\org\slf4j\slf4j-api\1.7.30\slf4j-api-1.7.30.jar;C:\Users\17584\.m2\repository\org\slf4j\slf4j-simple\1.7.30\slf4j-simple-1.7.30.jar;"/>
    <property name="sun.cpu.endian" value="little"/>
    <property name="user.home" value="C:\Users\17584"/>
    <property name="user.language" value="zh"/>
    <property name="java.specification.vendor" value="Oracle Corporation"/>
    <property name="java.home" value="D:\Program Files (x86)\Java\jdk-1.8\jre"/>
    <property name="basedir" value="D:\Richard\Tsinghua\no_chinese_route\Database\ThssDB-2023-master"/>
    <property name="file.separator" value="\"/>
    <property name="line.separator" value="&#10;"/>
    <property name="java.vm.specification.vendor" value="Oracle Corporation"/>
    <property name="java.specification.name" value="Java Platform API Specification"/>
    <property name="java.awt.graphicsenv" value="sun.awt.Win32GraphicsEnvironment"/>
    <property name="surefire.real.class.path" value="C:\Users\17584\AppData\Local\Temp\surefire1614556249303219409\surefirebooter-20230525012604844_3.jar"/>
    <property name="sun.boot.class.path" value="D:\Program Files (x86)\Java\jdk-1.8\jre\lib\resources.jar;D:\Program Files (x86)\Java\jdk-1.8\jre\lib\rt.jar;D:\Program Files (x86)\Java\jdk-1.8\jre\lib\jsse.jar;D:\Program Files (x86)\Java\jdk-1.8\jre\lib\jce.jar;D:\Program Files (x86)\Java\jdk-1.8\jre\lib\charsets.jar;D:\Program Files (x86)\Java\jdk-1.8\jre\lib\jfr.jar;D:\Program Files (x86)\Java\jdk-1.8\jre\classes"/>
    <property name="user.script" value=""/>
    <property name="sun.management.compiler" value="HotSpot Client Compiler"/>
    <property name="java.runtime.version" value="1.8.0_371-b11"/>
    <property name="user.name" value="17584"/>
    <property name="path.separator" value=";"/>
    <property name="os.version" value="10.0"/>
    <property name="java.endorsed.dirs" value="D:\Program Files (x86)\Java\jdk-1.8\jre\lib\endorsed"/>
    <property name="java.runtime.name" value="Java(TM) SE Runtime Environment"/>
    <property name="file.encoding" value="GBK"/>
    <property name="java.vm.name" value="Java HotSpot(TM) Client VM"/>
    <property name="localRepository" value="C:\Users\17584\.m2\repository"/>
    <property name="java.vendor.url.bug" value="http://bugreport.sun.com/bugreport/"/>
    <property name="java.io.tmpdir" value="C:\Users\17584\AppData\Local\Temp\"/>
    <property name="java.version" value="1.8.0_371"/>
    <property name="user.dir" value="D:\Richard\Tsinghua\no_chinese_route\Database\ThssDB-2023-master"/>
    <property name="os.arch" value="x86"/>
    <property name="SkipTests" value="true"/>
    <property name="java.vm.specification.name" value="Java Virtual Machine Specification"/>
    <property name="java.awt.printerjob" value="sun.awt.windows.WPrinterJob"/>
    <property name="sun.os.patch.level" value=""/>
    <property name="java.library.path" value="D:\Program Files (x86)\Java\jdk-1.8\jre\bin;C:\WINDOWS\Sun\Java\bin;C:\WINDOWS\system32;C:\WINDOWS;C:\Program Files\Python310\Scripts\;C:\Program Files\Python310\;D:\VMware\VMware Workstation\bin\;C:\Program Files (x86)\NVIDIA Corporation\PhysX\Common;C:\Program Files\Common Files\Oracle\Java\javapath;C:\Program Files (x86)\Common Files\Oracle\Java\javapath;C:\WINDOWS\system32;C:\WINDOWS;C:\WINDOWS\System32\Wbem;C:\WINDOWS\System32\WindowsPowerShell\v1.0\;C:\WINDOWS\System32\OpenSSH\;C:\Program Files\Android\AndroidSDK\tools;C:\Program Files\Android\AndroidSDK\platform-tools;D:\Program Files (x86)\Java\jre1.8.0_361\bin;D:\Program Files (x86)\Java\jdk-17\bin;C:\Users\17584\AppData\Roaming\Python\Python310\Scripts;D:\Program Files\Apache\Maven\bin;D:\Program Files\Git\cmd;D:\Program Files\flutterSDK\flutter\bin;C:\Program Files\MySQL\MySQL Server 8.0\bin;C:\Program Files\MySQL\MySQL Shell 8.0\bin\;C:\Users\17584\AppData\Local\Microsoft\WindowsApps;;C:\Users\17584\AppData\Local\Programs\Microsoft VS Code\bin;D:\texlive\2022\bin\win32;D:\Program Files\JetBrains\IntelliJ IDEA Community Edition 2022.3.3\bin;;."/>
    <property name="java.vm.info" value="mixed mode"/>
    <property name="java.vendor" value="Oracle Corporation"/>
    <property name="java.vm.version" value="25.371-b11"/>
    <property name="java.specification.maintenance.version" value="4"/>
    <property name="java.ext.dirs" value="D:\Program Files (x86)\Java\jdk-1.8\jre\lib\ext;C:\WINDOWS\Sun\Java\lib\ext"/>
    <property name="sun.io.unicode.encoding" value="UnicodeLittle"/>
    <property name="java.class.version" value="52.0"/>
  </properties>
  <testcase name="testGet" classname="cn.edu.thssdb.index.BPlusTreeTest" time="0.014"/>
  <testcase name="testRemove" classname="cn.edu.thssdb.index.BPlusTreeTest" time="0.007"/>
  <testcase name="testIterator" classname="cn.edu.thssdb.index.BPlusTreeTest" time="0.069"/>
</testsuite>